<?xml version="1.0" encoding="UTF-8"?>
<testsuite name="com.netflix.simianarmy.aws.janitor.TestRDSJanitorResourceTracker" tests="6" skipped="0" failures="0" errors="0" timestamp="2018-05-06T06:16:51" hostname="LAPTOP-4S0PNSIP" time="0.065">
  <properties/>
  <testcase name="testGetResource" classname="com.netflix.simianarmy.aws.janitor.TestRDSJanitorResourceTracker" time="0.032"/>
  <testcase name="testGetResourceNotFound" classname="com.netflix.simianarmy.aws.janitor.TestRDSJanitorResourceTracker" time="0.003"/>
  <testcase name="testGetResources" classname="com.netflix.simianarmy.aws.janitor.TestRDSJanitorResourceTracker" time="0.007"/>
  <testcase name="testInit" classname="com.netflix.simianarmy.aws.janitor.TestRDSJanitorResourceTracker" time="0.002"/>
  <testcase name="testInsertNewResource" classname="com.netflix.simianarmy.aws.janitor.TestRDSJanitorResourceTracker" time="0.011"/>
  <testcase name="testUpdateResource" classname="com.netflix.simianarmy.aws.janitor.TestRDSJanitorResourceTracker" time="0.006"/>
  <system-out><![CDATA[]]></system-out>
  <system-err><![CDATA[]]></system-err>
</testsuite>
