<?xml version="1.0" encoding="UTF-8"?>
<testsuite name="com.netflix.simianarmy.aws.janitor.crawler.TestELBJanitorCrawler" tests="6" skipped="0" failures="0" errors="0" timestamp="2018-05-06T06:16:50" hostname="LAPTOP-4S0PNSIP" time="0.031">
  <properties/>
  <testcase name="testElbsWithInstances" classname="com.netflix.simianarmy.aws.janitor.crawler.TestELBJanitorCrawler" time="0.01"/>
  <testcase name="testElbsWithMultipleReferencedASGs" classname="com.netflix.simianarmy.aws.janitor.crawler.TestELBJanitorCrawler" time="0.008"/>
  <testcase name="testElbsWithNoInstances" classname="com.netflix.simianarmy.aws.janitor.crawler.TestELBJanitorCrawler" time="0.003"/>
  <testcase name="testElbsWithNoReferencedASGs" classname="com.netflix.simianarmy.aws.janitor.crawler.TestELBJanitorCrawler" time="0.003"/>
  <testcase name="testElbsWithReferencedASGs" classname="com.netflix.simianarmy.aws.janitor.crawler.TestELBJanitorCrawler" time="0.004"/>
  <testcase name="testResourceTypes" classname="com.netflix.simianarmy.aws.janitor.crawler.TestELBJanitorCrawler" time="0.002"/>
  <system-out><![CDATA[]]></system-out>
  <system-err><![CDATA[]]></system-err>
</testsuite>
