<?xml version="1.0" encoding="UTF-8"?>
<testsuite name="com.netflix.simianarmy.aws.conformity.rule.TestInstanceInVPC" tests="2" skipped="0" failures="0" errors="0" timestamp="2018-05-06T06:16:51" hostname="LAPTOP-4S0PNSIP" time="0.062">
  <properties/>
  <testcase name="testAsgInstances" classname="com.netflix.simianarmy.aws.conformity.rule.TestInstanceInVPC" time="0.057"/>
  <testcase name="testCheckSoloInstances" classname="com.netflix.simianarmy.aws.conformity.rule.TestInstanceInVPC" time="0.003"/>
  <system-out><![CDATA[]]></system-out>
  <system-err><![CDATA[]]></system-err>
</testsuite>
