<?xml version="1.0" encoding="UTF-8"?>
<testsuite name="com.netflix.simianarmy.aws.conformity.TestASGOwnerEmailTag" tests="1" skipped="0" failures="0" errors="0" timestamp="2018-05-06T06:16:20" hostname="LAPTOP-4S0PNSIP" time="3.398">
  <properties/>
  <testcase name="testForOwnerTag" classname="com.netflix.simianarmy.aws.conformity.TestASGOwnerEmailTag" time="3.398"/>
  <system-out><![CDATA[]]></system-out>
  <system-err><![CDATA[]]></system-err>
</testsuite>
