<?xml version="1.0" encoding="UTF-8"?>
<testsuite name="com.netflix.simianarmy.basic.TestBasicCalendar" tests="16" skipped="0" failures="0" errors="0" timestamp="2018-05-06T06:16:24" hostname="LAPTOP-4S0PNSIP" time="0.033">
  <properties/>
  <testcase name="testConstructors" classname="com.netflix.simianarmy.basic.TestBasicCalendar" time="0.001"/>
  <testcase name="testGetBusinessDayWihHoliday" classname="com.netflix.simianarmy.basic.TestBasicCalendar" time="0.002"/>
  <testcase name="testGetBusinessDayWihHolidayNextYear" classname="com.netflix.simianarmy.basic.TestBasicCalendar" time="0.002"/>
  <testcase name="testGetBusinessDayWihWeekend" classname="com.netflix.simianarmy.basic.TestBasicCalendar" time="0.002"/>
  <testcase name="testGetBusinessDayWihoutGap" classname="com.netflix.simianarmy.basic.TestBasicCalendar" time="0.001"/>
  <testcase name="testHolidays[0](0, 2)" classname="com.netflix.simianarmy.basic.TestBasicCalendar" time="0.008"/>
  <testcase name="testHolidays[1](0, 16)" classname="com.netflix.simianarmy.basic.TestBasicCalendar" time="0.002"/>
  <testcase name="testHolidays[2](1, 20)" classname="com.netflix.simianarmy.basic.TestBasicCalendar" time="0.0"/>
  <testcase name="testHolidays[3](4, 28)" classname="com.netflix.simianarmy.basic.TestBasicCalendar" time="0.0"/>
  <testcase name="testHolidays[4](6, 4)" classname="com.netflix.simianarmy.basic.TestBasicCalendar" time="0.0"/>
  <testcase name="testHolidays[5](8, 3)" classname="com.netflix.simianarmy.basic.TestBasicCalendar" time="0.0"/>
  <testcase name="testHolidays[6](9, 8)" classname="com.netflix.simianarmy.basic.TestBasicCalendar" time="0.001"/>
  <testcase name="testHolidays[7](10, 12)" classname="com.netflix.simianarmy.basic.TestBasicCalendar" time="0.001"/>
  <testcase name="testHolidays[8](10, 22)" classname="com.netflix.simianarmy.basic.TestBasicCalendar" time="0.0"/>
  <testcase name="testHolidays[9](11, 25)" classname="com.netflix.simianarmy.basic.TestBasicCalendar" time="0.001"/>
  <testcase name="testMonkeyTime" classname="com.netflix.simianarmy.basic.TestBasicCalendar" time="0.005"/>
  <system-out><![CDATA[]]></system-out>
  <system-err><![CDATA[]]></system-err>
</testsuite>
