<?xml version="1.0" encoding="UTF-8"?>
<testsuite name="com.netflix.simianarmy.aws.janitor.crawler.TestEBSVolumeJanitorCrawler" tests="4" skipped="0" failures="0" errors="0" timestamp="2018-05-06T06:16:50" hostname="LAPTOP-4S0PNSIP" time="0.015">
  <properties/>
  <testcase name="testResourceTypes" classname="com.netflix.simianarmy.aws.janitor.crawler.TestEBSVolumeJanitorCrawler" time="0.005"/>
  <testcase name="testVolumesWithIds" classname="com.netflix.simianarmy.aws.janitor.crawler.TestEBSVolumeJanitorCrawler" time="0.005"/>
  <testcase name="testVolumesWithNullIds" classname="com.netflix.simianarmy.aws.janitor.crawler.TestEBSVolumeJanitorCrawler" time="0.002"/>
  <testcase name="testVolumesWithResourceType" classname="com.netflix.simianarmy.aws.janitor.crawler.TestEBSVolumeJanitorCrawler" time="0.001"/>
  <system-out><![CDATA[]]></system-out>
  <system-err><![CDATA[]]></system-err>
</testsuite>
