<?xml version="1.0" encoding="UTF-8"?>
<testsuite name="com.netflix.simianarmy.basic.chaos.TestBasicChaosInstanceSelector" tests="13" skipped="0" failures="0" errors="0" timestamp="2018-05-06T06:16:24" hostname="LAPTOP-4S0PNSIP" time="5.771">
  <properties/>
  <testcase name="testEvenSelections[0](1.0)" classname="com.netflix.simianarmy.basic.chaos.TestBasicChaosInstanceSelector" time="0.615"/>
  <testcase name="testEvenSelections[1](0.9)" classname="com.netflix.simianarmy.basic.chaos.TestBasicChaosInstanceSelector" time="0.83"/>
  <testcase name="testEvenSelections[2](0.8)" classname="com.netflix.simianarmy.basic.chaos.TestBasicChaosInstanceSelector" time="0.779"/>
  <testcase name="testEvenSelections[3](0.7)" classname="com.netflix.simianarmy.basic.chaos.TestBasicChaosInstanceSelector" time="0.581"/>
  <testcase name="testEvenSelections[4](0.6)" classname="com.netflix.simianarmy.basic.chaos.TestBasicChaosInstanceSelector" time="0.585"/>
  <testcase name="testEvenSelections[5](0.5)" classname="com.netflix.simianarmy.basic.chaos.TestBasicChaosInstanceSelector" time="0.462"/>
  <testcase name="testEvenSelections[6](0.4)" classname="com.netflix.simianarmy.basic.chaos.TestBasicChaosInstanceSelector" time="0.52"/>
  <testcase name="testEvenSelections[7](0.3)" classname="com.netflix.simianarmy.basic.chaos.TestBasicChaosInstanceSelector" time="0.49"/>
  <testcase name="testEvenSelections[8](0.2)" classname="com.netflix.simianarmy.basic.chaos.TestBasicChaosInstanceSelector" time="0.425"/>
  <testcase name="testEvenSelections[9](0.1)" classname="com.netflix.simianarmy.basic.chaos.TestBasicChaosInstanceSelector" time="0.466"/>
  <testcase name="testSelect" classname="com.netflix.simianarmy.basic.chaos.TestBasicChaosInstanceSelector" time="0.002"/>
  <testcase name="testSelectWithProbMoreThanOne" classname="com.netflix.simianarmy.basic.chaos.TestBasicChaosInstanceSelector" time="0.006"/>
  <testcase name="testSelectWithProbMoreThanOneWithFraction" classname="com.netflix.simianarmy.basic.chaos.TestBasicChaosInstanceSelector" time="0.001"/>
  <system-out><![CDATA[]]></system-out>
  <system-err><![CDATA[]]></system-err>
</testsuite>
