<?xml version="1.0" encoding="UTF-8"?>
<testsuite name="com.netflix.simianarmy.basic.calendar.TestBavarianCalendar" tests="72" skipped="0" failures="0" errors="0" timestamp="2018-05-06T06:16:50" hostname="LAPTOP-4S0PNSIP" time="0.106">
  <properties/>
  <testcase name="testEaster[0](1996, 3, 7)" classname="com.netflix.simianarmy.basic.calendar.TestBavarianCalendar" time="0.006"/>
  <testcase name="testEaster[1](1997, 2, 30)" classname="com.netflix.simianarmy.basic.calendar.TestBavarianCalendar" time="0.003"/>
  <testcase name="testEaster[2](1998, 3, 12)" classname="com.netflix.simianarmy.basic.calendar.TestBavarianCalendar" time="0.001"/>
  <testcase name="testEaster[3](1999, 3, 4)" classname="com.netflix.simianarmy.basic.calendar.TestBavarianCalendar" time="0.0"/>
  <testcase name="testEaster[4](2000, 3, 23)" classname="com.netflix.simianarmy.basic.calendar.TestBavarianCalendar" time="0.002"/>
  <testcase name="testEaster[5](2001, 3, 15)" classname="com.netflix.simianarmy.basic.calendar.TestBavarianCalendar" time="0.001"/>
  <testcase name="testEaster[6](2002, 2, 31)" classname="com.netflix.simianarmy.basic.calendar.TestBavarianCalendar" time="0.001"/>
  <testcase name="testEaster[7](2003, 3, 20)" classname="com.netflix.simianarmy.basic.calendar.TestBavarianCalendar" time="0.001"/>
  <testcase name="testEaster[8](2004, 3, 11)" classname="com.netflix.simianarmy.basic.calendar.TestBavarianCalendar" time="0.001"/>
  <testcase name="testEaster[9](2005, 2, 27)" classname="com.netflix.simianarmy.basic.calendar.TestBavarianCalendar" time="0.001"/>
  <testcase name="testEaster[10](2006, 3, 16)" classname="com.netflix.simianarmy.basic.calendar.TestBavarianCalendar" time="0.001"/>
  <testcase name="testEaster[11](2007, 3, 8)" classname="com.netflix.simianarmy.basic.calendar.TestBavarianCalendar" time="0.001"/>
  <testcase name="testEaster[12](2008, 2, 23)" classname="com.netflix.simianarmy.basic.calendar.TestBavarianCalendar" time="0.001"/>
  <testcase name="testEaster[13](2009, 3, 12)" classname="com.netflix.simianarmy.basic.calendar.TestBavarianCalendar" time="0.0"/>
  <testcase name="testEaster[14](2010, 3, 4)" classname="com.netflix.simianarmy.basic.calendar.TestBavarianCalendar" time="0.001"/>
  <testcase name="testEaster[15](2011, 3, 24)" classname="com.netflix.simianarmy.basic.calendar.TestBavarianCalendar" time="0.003"/>
  <testcase name="testEaster[16](2012, 3, 8)" classname="com.netflix.simianarmy.basic.calendar.TestBavarianCalendar" time="0.002"/>
  <testcase name="testEaster[17](2013, 2, 31)" classname="com.netflix.simianarmy.basic.calendar.TestBavarianCalendar" time="0.001"/>
  <testcase name="testEaster[18](2014, 3, 20)" classname="com.netflix.simianarmy.basic.calendar.TestBavarianCalendar" time="0.001"/>
  <testcase name="testEaster[19](2015, 3, 5)" classname="com.netflix.simianarmy.basic.calendar.TestBavarianCalendar" time="0.001"/>
  <testcase name="testEaster[20](2016, 2, 27)" classname="com.netflix.simianarmy.basic.calendar.TestBavarianCalendar" time="0.001"/>
  <testcase name="testEaster[21](2017, 3, 16)" classname="com.netflix.simianarmy.basic.calendar.TestBavarianCalendar" time="0.002"/>
  <testcase name="testEaster[22](2018, 3, 1)" classname="com.netflix.simianarmy.basic.calendar.TestBavarianCalendar" time="0.001"/>
  <testcase name="testEaster[23](2019, 3, 21)" classname="com.netflix.simianarmy.basic.calendar.TestBavarianCalendar" time="0.0"/>
  <testcase name="testEaster[24](2020, 3, 12)" classname="com.netflix.simianarmy.basic.calendar.TestBavarianCalendar" time="0.0"/>
  <testcase name="testEaster[25](2021, 3, 4)" classname="com.netflix.simianarmy.basic.calendar.TestBavarianCalendar" time="0.001"/>
  <testcase name="testEaster[26](2022, 3, 17)" classname="com.netflix.simianarmy.basic.calendar.TestBavarianCalendar" time="0.0"/>
  <testcase name="testEaster[27](2023, 3, 9)" classname="com.netflix.simianarmy.basic.calendar.TestBavarianCalendar" time="0.001"/>
  <testcase name="testEaster[28](2024, 2, 31)" classname="com.netflix.simianarmy.basic.calendar.TestBavarianCalendar" time="0.0"/>
  <testcase name="testEaster[29](2025, 3, 20)" classname="com.netflix.simianarmy.basic.calendar.TestBavarianCalendar" time="0.0"/>
  <testcase name="testEaster[30](2026, 3, 5)" classname="com.netflix.simianarmy.basic.calendar.TestBavarianCalendar" time="0.0"/>
  <testcase name="testEaster[31](2027, 2, 28)" classname="com.netflix.simianarmy.basic.calendar.TestBavarianCalendar" time="0.0"/>
  <testcase name="testEaster[32](2028, 3, 16)" classname="com.netflix.simianarmy.basic.calendar.TestBavarianCalendar" time="0.0"/>
  <testcase name="testEaster[33](2029, 3, 1)" classname="com.netflix.simianarmy.basic.calendar.TestBavarianCalendar" time="0.0"/>
  <testcase name="testEaster[34](2030, 3, 21)" classname="com.netflix.simianarmy.basic.calendar.TestBavarianCalendar" time="0.001"/>
  <testcase name="testEaster[35](2031, 3, 13)" classname="com.netflix.simianarmy.basic.calendar.TestBavarianCalendar" time="0.001"/>
  <testcase name="testEaster[36](2032, 2, 28)" classname="com.netflix.simianarmy.basic.calendar.TestBavarianCalendar" time="0.001"/>
  <testcase name="testEaster[37](2033, 3, 17)" classname="com.netflix.simianarmy.basic.calendar.TestBavarianCalendar" time="0.001"/>
  <testcase name="testEaster[38](2034, 3, 9)" classname="com.netflix.simianarmy.basic.calendar.TestBavarianCalendar" time="0.001"/>
  <testcase name="testEaster[39](2035, 2, 25)" classname="com.netflix.simianarmy.basic.calendar.TestBavarianCalendar" time="0.0"/>
  <testcase name="testEaster[40](2036, 3, 13)" classname="com.netflix.simianarmy.basic.calendar.TestBavarianCalendar" time="0.001"/>
  <testcase name="testHolidays[0](2016, 0, 1)" classname="com.netflix.simianarmy.basic.calendar.TestBavarianCalendar" time="0.003"/>
  <testcase name="testHolidays[1](2016, 0, 6)" classname="com.netflix.simianarmy.basic.calendar.TestBavarianCalendar" time="0.0"/>
  <testcase name="testHolidays[2](2016, 2, 25)" classname="com.netflix.simianarmy.basic.calendar.TestBavarianCalendar" time="0.0"/>
  <testcase name="testHolidays[3](2016, 2, 28)" classname="com.netflix.simianarmy.basic.calendar.TestBavarianCalendar" time="0.001"/>
  <testcase name="testHolidays[4](2016, 4, 1)" classname="com.netflix.simianarmy.basic.calendar.TestBavarianCalendar" time="0.001"/>
  <testcase name="testHolidays[5](2016, 4, 5)" classname="com.netflix.simianarmy.basic.calendar.TestBavarianCalendar" time="0.001"/>
  <testcase name="testHolidays[6](2016, 4, 6)" classname="com.netflix.simianarmy.basic.calendar.TestBavarianCalendar" time="0.0"/>
  <testcase name="testHolidays[7](2016, 4, 16)" classname="com.netflix.simianarmy.basic.calendar.TestBavarianCalendar" time="0.0"/>
  <testcase name="testHolidays[8](2016, 4, 26)" classname="com.netflix.simianarmy.basic.calendar.TestBavarianCalendar" time="0.0"/>
  <testcase name="testHolidays[9](2016, 7, 15)" classname="com.netflix.simianarmy.basic.calendar.TestBavarianCalendar" time="0.0"/>
  <testcase name="testHolidays[10](2016, 9, 3)" classname="com.netflix.simianarmy.basic.calendar.TestBavarianCalendar" time="0.001"/>
  <testcase name="testHolidays[11](2016, 11, 24)" classname="com.netflix.simianarmy.basic.calendar.TestBavarianCalendar" time="0.001"/>
  <testcase name="testHolidays[12](2016, 11, 25)" classname="com.netflix.simianarmy.basic.calendar.TestBavarianCalendar" time="0.0"/>
  <testcase name="testHolidays[13](2016, 11, 26)" classname="com.netflix.simianarmy.basic.calendar.TestBavarianCalendar" time="0.0"/>
  <testcase name="testHolidays[14](2016, 11, 27)" classname="com.netflix.simianarmy.basic.calendar.TestBavarianCalendar" time="0.001"/>
  <testcase name="testHolidays[15](2016, 11, 28)" classname="com.netflix.simianarmy.basic.calendar.TestBavarianCalendar" time="0.001"/>
  <testcase name="testHolidays[16](2016, 11, 29)" classname="com.netflix.simianarmy.basic.calendar.TestBavarianCalendar" time="0.002"/>
  <testcase name="testHolidays[17](2016, 11, 30)" classname="com.netflix.simianarmy.basic.calendar.TestBavarianCalendar" time="0.001"/>
  <testcase name="testHolidays[18](2016, 11, 31)" classname="com.netflix.simianarmy.basic.calendar.TestBavarianCalendar" time="0.001"/>
  <testcase name="testHolidays[19](2015, 0, 2)" classname="com.netflix.simianarmy.basic.calendar.TestBavarianCalendar" time="0.001"/>
  <testcase name="testHolidays[20](2015, 0, 5)" classname="com.netflix.simianarmy.basic.calendar.TestBavarianCalendar" time="0.001"/>
  <testcase name="testHolidays[21](2011, 0, 7)" classname="com.netflix.simianarmy.basic.calendar.TestBavarianCalendar" time="0.001"/>
  <testcase name="testHolidays[22](2012, 3, 30)" classname="com.netflix.simianarmy.basic.calendar.TestBavarianCalendar" time="0.001"/>
  <testcase name="testHolidays[23](2014, 4, 2)" classname="com.netflix.simianarmy.basic.calendar.TestBavarianCalendar" time="0.001"/>
  <testcase name="testHolidays[24](2006, 7, 14)" classname="com.netflix.simianarmy.basic.calendar.TestBavarianCalendar" time="0.002"/>
  <testcase name="testHolidays[25](2013, 7, 16)" classname="com.netflix.simianarmy.basic.calendar.TestBavarianCalendar" time="0.0"/>
  <testcase name="testHolidays[26](2006, 9, 2)" classname="com.netflix.simianarmy.basic.calendar.TestBavarianCalendar" time="0.001"/>
  <testcase name="testHolidays[27](2013, 9, 4)" classname="com.netflix.simianarmy.basic.calendar.TestBavarianCalendar" time="0.0"/>
  <testcase name="testHolidays[28](2011, 9, 31)" classname="com.netflix.simianarmy.basic.calendar.TestBavarianCalendar" time="0.0"/>
  <testcase name="testHolidays[29](2012, 10, 2)" classname="com.netflix.simianarmy.basic.calendar.TestBavarianCalendar" time="0.002"/>
  <testcase name="testHolidays[30](2013, 11, 23)" classname="com.netflix.simianarmy.basic.calendar.TestBavarianCalendar" time="0.005"/>
  <system-out><![CDATA[]]></system-out>
  <system-err><![CDATA[]]></system-err>
</testsuite>
