<?xml version="1.0" encoding="UTF-8"?>
<testsuite name="com.netflix.simianarmy.basic.chaos.TestCloudFormationChaosMonkey" tests="6" skipped="0" failures="0" errors="0" timestamp="2018-05-06T06:16:50" hostname="LAPTOP-4S0PNSIP" time="0.019">
  <properties/>
  <testcase name="testCloudFormationChaosMonkeyIntegration" classname="com.netflix.simianarmy.basic.chaos.TestCloudFormationChaosMonkey" time="0.007"/>
  <testcase name="testGetEffectiveProbability" classname="com.netflix.simianarmy.basic.chaos.TestCloudFormationChaosMonkey" time="0.002"/>
  <testcase name="testGetLastOptInMilliseconds" classname="com.netflix.simianarmy.basic.chaos.TestCloudFormationChaosMonkey" time="0.001"/>
  <testcase name="testIsGroupEnabled" classname="com.netflix.simianarmy.basic.chaos.TestCloudFormationChaosMonkey" time="0.002"/>
  <testcase name="testIsMaxTerminationCountExceeded" classname="com.netflix.simianarmy.basic.chaos.TestCloudFormationChaosMonkey" time="0.003"/>
  <testcase name="testNoSuffixInstanceGroup" classname="com.netflix.simianarmy.basic.chaos.TestCloudFormationChaosMonkey" time="0.002"/>
  <system-out><![CDATA[]]></system-out>
  <system-err><![CDATA[]]></system-err>
</testsuite>
