<?xml version="1.0" encoding="UTF-8"?>
<testsuite name="com.netflix.simianarmy.aws.janitor.TestAWSResource" tests="4" skipped="0" failures="0" errors="0" timestamp="2018-05-06T06:16:24" hostname="LAPTOP-4S0PNSIP" time="0.016">
  <properties/>
  <testcase name="testClone" classname="com.netflix.simianarmy.aws.janitor.TestAWSResource" time="0.002"/>
  <testcase name="testFieldToValueMapWithNull" classname="com.netflix.simianarmy.aws.janitor.TestAWSResource" time="0.001"/>
  <testcase name="testFieldToValueMapWithoutNullForInstance" classname="com.netflix.simianarmy.aws.janitor.TestAWSResource" time="0.002"/>
  <testcase name="testParseFieldToValueMap" classname="com.netflix.simianarmy.aws.janitor.TestAWSResource" time="0.011"/>
  <system-out><![CDATA[]]></system-out>
  <system-err><![CDATA[]]></system-err>
</testsuite>
