<?xml version="1.0" encoding="UTF-8"?>
<testsuite name="com.netflix.simianarmy.aws.janitor.crawler.TestASGJanitorCrawler" tests="4" skipped="0" failures="0" errors="0" timestamp="2018-05-06T06:16:20" hostname="LAPTOP-4S0PNSIP" time="0.089">
  <properties/>
  <testcase name="testInstancesWithNames" classname="com.netflix.simianarmy.aws.janitor.crawler.TestASGJanitorCrawler" time="0.069"/>
  <testcase name="testInstancesWithNullNames" classname="com.netflix.simianarmy.aws.janitor.crawler.TestASGJanitorCrawler" time="0.006"/>
  <testcase name="testInstancesWithResourceType" classname="com.netflix.simianarmy.aws.janitor.crawler.TestASGJanitorCrawler" time="0.005"/>
  <testcase name="testResourceTypes" classname="com.netflix.simianarmy.aws.janitor.crawler.TestASGJanitorCrawler" time="0.004"/>
  <system-out><![CDATA[]]></system-out>
  <system-err><![CDATA[]]></system-err>
</testsuite>
