<?xml version="1.0" encoding="UTF-8"?>
<testsuite name="com.netflix.simianarmy.client.vsphere.TestVSphereGroups" tests="3" skipped="0" failures="0" errors="0" timestamp="2018-05-06T06:16:53" hostname="LAPTOP-4S0PNSIP" time="0.002">
  <properties/>
  <testcase name="shouldReturnListContainigSingleASGWhenAddInstanceIsCalledOnce" classname="com.netflix.simianarmy.client.vsphere.TestVSphereGroups" time="0.001"/>
  <testcase name="shouldReturnListContainigTwoASGWhenAddInstanceIsCalledTwice" classname="com.netflix.simianarmy.client.vsphere.TestVSphereGroups" time="0.0"/>
  <testcase name="shouldReturnListContainingSingleASGWithTwoInstancesWhenAddInstanceIsCaledTwiceForSameGroup" classname="com.netflix.simianarmy.client.vsphere.TestVSphereGroups" time="0.001"/>
  <system-out><![CDATA[]]></system-out>
  <system-err><![CDATA[]]></system-err>
</testsuite>
