<?xml version="1.0" encoding="UTF-8"?>
<testsuite name="com.netflix.simianarmy.aws.janitor.crawler.TestEBSSnapshotJanitorCrawler" tests="4" skipped="0" failures="0" errors="0" timestamp="2018-05-06T06:16:50" hostname="LAPTOP-4S0PNSIP" time="0.016">
  <properties/>
  <testcase name="testResourceTypes" classname="com.netflix.simianarmy.aws.janitor.crawler.TestEBSSnapshotJanitorCrawler" time="0.005"/>
  <testcase name="testSnapshotsWithIds" classname="com.netflix.simianarmy.aws.janitor.crawler.TestEBSSnapshotJanitorCrawler" time="0.005"/>
  <testcase name="testSnapshotsWithNullIds" classname="com.netflix.simianarmy.aws.janitor.crawler.TestEBSSnapshotJanitorCrawler" time="0.002"/>
  <testcase name="testSnapshotsWithResourceType" classname="com.netflix.simianarmy.aws.janitor.crawler.TestEBSSnapshotJanitorCrawler" time="0.004"/>
  <system-out><![CDATA[]]></system-out>
  <system-err><![CDATA[]]></system-err>
</testsuite>
