<?xml version="1.0" encoding="UTF-8"?>
<testsuite name="com.netflix.simianarmy.janitor.TestBasicJanitorMonkeyContext" tests="2" skipped="0" failures="0" errors="0" timestamp="2018-05-06T06:16:49" hostname="LAPTOP-4S0PNSIP" time="0.003">
  <properties/>
  <testcase name="testAddRuleWithUntaggedRuleResource" classname="com.netflix.simianarmy.janitor.TestBasicJanitorMonkeyContext" time="0.002"/>
  <testcase name="testAddRuleWithoutUntaggedRuleResource" classname="com.netflix.simianarmy.janitor.TestBasicJanitorMonkeyContext" time="0.001"/>
  <system-out><![CDATA[]]></system-out>
  <system-err><![CDATA[]]></system-err>
</testsuite>
