<?xml version="1.0" encoding="UTF-8"?>
<testsuite name="com.netflix.simianarmy.TestMonkey" tests="2" skipped="0" failures="0" errors="0" timestamp="2018-05-06T06:16:51" hostname="LAPTOP-4S0PNSIP" time="0.001">
  <properties/>
  <testcase name="testStart" classname="com.netflix.simianarmy.TestMonkey" time="0.0"/>
  <testcase name="testStop" classname="com.netflix.simianarmy.TestMonkey" time="0.0"/>
  <system-out><![CDATA[]]></system-out>
  <system-err><![CDATA[]]></system-err>
</testsuite>
