<?xml version="1.0" encoding="UTF-8"?>
<testsuite name="com.netflix.simianarmy.aws.janitor.TestSimpleDBJanitorResourceTracker" tests="2" skipped="0" failures="0" errors="0" timestamp="2018-05-06T06:16:51" hostname="LAPTOP-4S0PNSIP" time="0.013">
  <properties/>
  <testcase name="testAddResource" classname="com.netflix.simianarmy.aws.janitor.TestSimpleDBJanitorResourceTracker" time="0.007"/>
  <testcase name="testGetResources" classname="com.netflix.simianarmy.aws.janitor.TestSimpleDBJanitorResourceTracker" time="0.006"/>
  <system-out><![CDATA[]]></system-out>
  <system-err><![CDATA[]]></system-err>
</testsuite>
