<?xml version="1.0" encoding="UTF-8"?>
<testsuite name="com.netflix.simianarmy.client.aws.TestAWSClient" tests="3" skipped="0" failures="0" errors="0" timestamp="2018-05-06T06:16:24" hostname="LAPTOP-4S0PNSIP" time="0.075">
  <properties/>
  <testcase name="testClients" classname="com.netflix.simianarmy.client.aws.TestAWSClient" time="0.059"/>
  <testcase name="testDescribeAutoScalingGroups" classname="com.netflix.simianarmy.client.aws.TestAWSClient" time="0.008"/>
  <testcase name="testTerminateInstance" classname="com.netflix.simianarmy.client.aws.TestAWSClient" time="0.006"/>
  <system-out><![CDATA[]]></system-out>
  <system-err><![CDATA[]]></system-err>
</testsuite>
