<?xml version="1.0" encoding="UTF-8"?>
<testsuite name="com.netflix.simianarmy.client.aws.chaos.TestFilterASGChaosCrawler" tests="1" skipped="0" failures="0" errors="0" timestamp="2018-05-06T06:16:50" hostname="LAPTOP-4S0PNSIP" time="0.048">
  <properties/>
  <testcase name="testFilterGroups" classname="com.netflix.simianarmy.client.aws.chaos.TestFilterASGChaosCrawler" time="0.048"/>
  <system-out><![CDATA[]]></system-out>
  <system-err><![CDATA[]]></system-err>
</testsuite>
