<?xml version="1.0" encoding="UTF-8"?>
<testsuite name="com.netflix.simianarmy.client.vsphere.TestVSpehereClient" tests="2" skipped="0" failures="0" errors="0" timestamp="2018-05-06T06:16:51" hostname="LAPTOP-4S0PNSIP" time="0.057">
  <properties/>
  <testcase name="shouldDescribeGroupsCorrectly" classname="com.netflix.simianarmy.client.vsphere.TestVSpehereClient" time="0.054"/>
  <testcase name="shouldTerminateCorrectly" classname="com.netflix.simianarmy.client.vsphere.TestVSpehereClient" time="0.003"/>
  <system-out><![CDATA[]]></system-out>
  <system-err><![CDATA[]]></system-err>
</testsuite>
