<?xml version="1.0" encoding="UTF-8"?>
<testsuite name="com.netflix.simianarmy.aws.janitor.rule.volume.TestOldDetachedVolumeRule" tests="14" skipped="0" failures="0" errors="0" timestamp="2018-05-06T06:16:51" hostname="LAPTOP-4S0PNSIP" time="0.076">
  <properties/>
  <testcase name="testAttachedVolume" classname="com.netflix.simianarmy.aws.janitor.rule.volume.TestOldDetachedVolumeRule" time="0.003"/>
  <testcase name="testDetachedVolumeNotOld" classname="com.netflix.simianarmy.aws.janitor.rule.volume.TestOldDetachedVolumeRule" time="0.001"/>
  <testcase name="testNgativeAgeThreshold" classname="com.netflix.simianarmy.aws.janitor.rule.volume.TestOldDetachedVolumeRule" time="0.001"/>
  <testcase name="testNgativeRetentionDaysWithOwner" classname="com.netflix.simianarmy.aws.janitor.rule.volume.TestOldDetachedVolumeRule" time="0.0"/>
  <testcase name="testNoMetaTag" classname="com.netflix.simianarmy.aws.janitor.rule.volume.TestOldDetachedVolumeRule" time="0.001"/>
  <testcase name="testNonVolumeResource" classname="com.netflix.simianarmy.aws.janitor.rule.volume.TestOldDetachedVolumeRule" time="0.0"/>
  <testcase name="testNullCalendar" classname="com.netflix.simianarmy.aws.janitor.rule.volume.TestOldDetachedVolumeRule" time="0.0"/>
  <testcase name="testNullResource" classname="com.netflix.simianarmy.aws.janitor.rule.volume.TestOldDetachedVolumeRule" time="0.001"/>
  <testcase name="testOldDetachedVolume" classname="com.netflix.simianarmy.aws.janitor.rule.volume.TestOldDetachedVolumeRule" time="0.001"/>
  <testcase name="testOldDetachedVolumeBeforeDaylightSavingsCutover" classname="com.netflix.simianarmy.aws.janitor.rule.volume.TestOldDetachedVolumeRule" time="0.06"/>
  <testcase name="testResourceWithExpectedTerminationTimeSet" classname="com.netflix.simianarmy.aws.janitor.rule.volume.TestOldDetachedVolumeRule" time="0.001"/>
  <testcase name="testTaggedAsNotMark" classname="com.netflix.simianarmy.aws.janitor.rule.volume.TestOldDetachedVolumeRule" time="0.0"/>
  <testcase name="testUnavailableVolume" classname="com.netflix.simianarmy.aws.janitor.rule.volume.TestOldDetachedVolumeRule" time="0.0"/>
  <testcase name="testUserSpecifiedTerminationDate" classname="com.netflix.simianarmy.aws.janitor.rule.volume.TestOldDetachedVolumeRule" time="0.001"/>
  <system-out><![CDATA[]]></system-out>
  <system-err><![CDATA[]]></system-err>
</testsuite>
