<?xml version="1.0" encoding="UTF-8"?>
<testsuite name="com.netflix.simianarmy.aws.janitor.crawler.TestLaunchConfigJanitorCrawler" tests="4" skipped="0" failures="0" errors="0" timestamp="2018-05-06T06:16:51" hostname="LAPTOP-4S0PNSIP" time="0.025">
  <properties/>
  <testcase name="testInstancesWithNames" classname="com.netflix.simianarmy.aws.janitor.crawler.TestLaunchConfigJanitorCrawler" time="0.009"/>
  <testcase name="testInstancesWithNullNames" classname="com.netflix.simianarmy.aws.janitor.crawler.TestLaunchConfigJanitorCrawler" time="0.004"/>
  <testcase name="testInstancesWithResourceType" classname="com.netflix.simianarmy.aws.janitor.crawler.TestLaunchConfigJanitorCrawler" time="0.005"/>
  <testcase name="testResourceTypes" classname="com.netflix.simianarmy.aws.janitor.crawler.TestLaunchConfigJanitorCrawler" time="0.005"/>
  <system-out><![CDATA[]]></system-out>
  <system-err><![CDATA[]]></system-err>
</testsuite>
