<?xml version="1.0" encoding="UTF-8"?>
<testsuite name="com.netflix.simianarmy.aws.TestRDSRecorder" tests="4" skipped="0" failures="0" errors="0" timestamp="2018-05-06T06:16:51" hostname="LAPTOP-4S0PNSIP" time="0.02">
  <properties/>
  <testcase name="testFindEvent" classname="com.netflix.simianarmy.aws.TestRDSRecorder" time="0.007"/>
  <testcase name="testFindEventNotFound" classname="com.netflix.simianarmy.aws.TestRDSRecorder" time="0.002"/>
  <testcase name="testInit" classname="com.netflix.simianarmy.aws.TestRDSRecorder" time="0.002"/>
  <testcase name="testInsertNewRecordEvent" classname="com.netflix.simianarmy.aws.TestRDSRecorder" time="0.007"/>
  <system-out><![CDATA[]]></system-out>
  <system-err><![CDATA[]]></system-err>
</testsuite>
