<?xml version="1.0" encoding="UTF-8"?>
<testsuite name="com.netflix.simianarmy.basic.TestBasicScheduler" tests="3" skipped="0" failures="0" errors="0" timestamp="2018-05-06T06:16:49" hostname="LAPTOP-4S0PNSIP" time="0.637">
  <properties/>
  <testcase name="testConstructors" classname="com.netflix.simianarmy.basic.TestBasicScheduler" time="0.001"/>
  <testcase name="testDelayedStart" classname="com.netflix.simianarmy.basic.TestBasicScheduler" time="0.122"/>
  <testcase name="testRunner" classname="com.netflix.simianarmy.basic.TestBasicScheduler" time="0.512"/>
  <system-out><![CDATA[]]></system-out>
  <system-err><![CDATA[]]></system-err>
</testsuite>
